Replace Part C? Cap in D:\OneDrive - International Campus, Zhejiang University\study\ECE\ECE 445\ADProject\DaughterBoard.SchDoc with Cap from Miscellaneous Devices.IntLib
Replace Part C? Cap in D:\OneDrive - International Campus, Zhejiang University\study\ECE\ECE 445\ADProject\DaughterBoard.SchDoc with Cap from Miscellaneous Devices.IntLib
Replace Part C? Cap in D:\OneDrive - International Campus, Zhejiang University\study\ECE\ECE 445\ADProject\DaughterBoard.SchDoc with Cap from Miscellaneous Devices.IntLib
Replace Part C? Cap in D:\OneDrive - International Campus, Zhejiang University\study\ECE\ECE 445\ADProject\DaughterBoard.SchDoc with Cap from Miscellaneous Devices.IntLib
Replace Part J? 1575R-A in D:\OneDrive - International Campus, Zhejiang University\study\ECE\ECE 445\ADProject\DaughterBoard.SchDoc with 1575R-A from SDLib.SchLib
Replace Part R? Res2 in D:\OneDrive - International Campus, Zhejiang University\study\ECE\ECE 445\ADProject\DaughterBoard.SchDoc with Res2 from Miscellaneous Devices.IntLib
Replace Part R? Res2 in D:\OneDrive - International Campus, Zhejiang University\study\ECE\ECE 445\ADProject\DaughterBoard.SchDoc with Res2 from Miscellaneous Devices.IntLib
Replace Part R? Res2 in D:\OneDrive - International Campus, Zhejiang University\study\ECE\ECE 445\ADProject\DaughterBoard.SchDoc with Res2 from Miscellaneous Devices.IntLib
Replace Part R? Res2 in D:\OneDrive - International Campus, Zhejiang University\study\ECE\ECE 445\ADProject\DaughterBoard.SchDoc with Res2 from Miscellaneous Devices.IntLib
Replace Part R? Res2 in D:\OneDrive - International Campus, Zhejiang University\study\ECE\ECE 445\ADProject\DaughterBoard.SchDoc with Res2 from Miscellaneous Devices.IntLib
Replace Part R? Res2 in D:\OneDrive - International Campus, Zhejiang University\study\ECE\ECE 445\ADProject\DaughterBoard.SchDoc with Res2 from Miscellaneous Devices.IntLib
Replace Part R? Res2 in D:\OneDrive - International Campus, Zhejiang University\study\ECE\ECE 445\ADProject\DaughterBoard.SchDoc with Res2 from Miscellaneous Devices.IntLib
Replace Part R? Res2 in D:\OneDrive - International Campus, Zhejiang University\study\ECE\ECE 445\ADProject\DaughterBoard.SchDoc with Res2 from Miscellaneous Devices.IntLib
Replace Part U? TSV991ILT in D:\OneDrive - International Campus, Zhejiang University\study\ECE\ECE 445\ADProject\DaughterBoard.SchDoc with TSV991ILT from SDLib.SchLib
Replace Part U? USEQGCCAS82100 in D:\OneDrive - International Campus, Zhejiang University\study\ECE\ECE 445\ADProject\DaughterBoard.SchDoc with USEQGCCAS82100 from SDLib.SchLib
Replace Part U? PMS5003 in D:\OneDrive - International Campus, Zhejiang University\study\ECE\ECE 445\ADProject\DaughterBoard.SchDoc with PMS5003 from SDLib.SchLib
Replace Part U? Arduino_DGT0-7 in D:\OneDrive - International Campus, Zhejiang University\study\ECE\ECE 445\ADProject\DaughterBoard.SchDoc with Arduino_DGT0-7 from SDLib.SchLib
Replace Part U? Arduino_DGT8-15 in D:\OneDrive - International Campus, Zhejiang University\study\ECE\ECE 445\ADProject\DaughterBoard.SchDoc with Arduino_DGT8-15 from SDLib.SchLib
Replace Part U? esp01 in D:\OneDrive - International Campus, Zhejiang University\study\ECE\ECE 445\ADProject\DaughterBoard.SchDoc with esp01 from SDLib.SchLib
Replace Part U? ATGM336H in D:\OneDrive - International Campus, Zhejiang University\study\ECE\ECE 445\ADProject\DaughterBoard.SchDoc with ATGM336H from SDLib.SchLib
Replace Part U? Arduino_PWR in D:\OneDrive - International Campus, Zhejiang University\study\ECE\ECE 445\ADProject\DaughterBoard.SchDoc with Arduino_PWR from SDLib.SchLib
Replace Part U? 18650 in D:\OneDrive - International Campus, Zhejiang University\study\ECE\ECE 445\ADProject\DaughterBoard.SchDoc with 18650 from SDLib.SchLib
Replace Part U? MiCS-6814 in D:\OneDrive - International Campus, Zhejiang University\study\ECE\ECE 445\ADProject\DaughterBoard.SchDoc with MiCS-6814 from SDLib.SchLib
Replace Part U? BME680 in D:\OneDrive - International Campus, Zhejiang University\study\ECE\ECE 445\ADProject\DaughterBoard.SchDoc with BME680 from SDLib.SchLib
Replace Part U? Arduino_ALG in D:\OneDrive - International Campus, Zhejiang University\study\ECE\ECE 445\ADProject\DaughterBoard.SchDoc with Arduino_ALG from SDLib.SchLib
