Added Component: Designator=R1(AXIAL-0.4)
Add component. Clean all parameters for all variants
Add component (AddParameter): Name = "LatestRevisionDate"; Value = "17-Jul-2002"; VariantName = "[No Variations]"
Add component (AddParameter): Name = "LatestRevisionNote"; Value = "Re-released for DXP Platform."; VariantName = "[No Variations]"
Add component (AddParameter): Name = "PackageDescription"; Value = "Axial Device, Thru-Hole; 2 Leads; 0.4 in Pin Spacing"; VariantName = "[No Variations]"
Add component (AddParameter): Name = "PackageReference"; Value = "AXIAL-0.4"; VariantName = "[No Variations]"
Add component (AddParameter): Name = "Published"; Value = "8-Jun-2000"; VariantName = "[No Variations]"
Add component (AddParameter): Name = "Publisher"; Value = "Altium Limited"; VariantName = "[No Variations]"
Add component (AddParameter): Name = "Value"; Value = "56K"; VariantName = "[No Variations]"
Added Component: Designator=R2(AXIAL-0.4)
Add component. Clean all parameters for all variants
Add component (AddParameter): Name = "LatestRevisionDate"; Value = "17-Jul-2002"; VariantName = "[No Variations]"
Add component (AddParameter): Name = "LatestRevisionNote"; Value = "Re-released for DXP Platform."; VariantName = "[No Variations]"
Add component (AddParameter): Name = "PackageDescription"; Value = "Axial Device, Thru-Hole; 2 Leads; 0.4 in Pin Spacing"; VariantName = "[No Variations]"
Add component (AddParameter): Name = "PackageReference"; Value = "AXIAL-0.4"; VariantName = "[No Variations]"
Add component (AddParameter): Name = "Published"; Value = "8-Jun-2000"; VariantName = "[No Variations]"
Add component (AddParameter): Name = "Publisher"; Value = "Altium Limited"; VariantName = "[No Variations]"
Add component (AddParameter): Name = "Value"; Value = "56K"; VariantName = "[No Variations]"
Added Component: Designator=R3(AXIAL-0.4)
Add component. Clean all parameters for all variants
Add component (AddParameter): Name = "LatestRevisionDate"; Value = "17-Jul-2002"; VariantName = "[No Variations]"
Add component (AddParameter): Name = "LatestRevisionNote"; Value = "Re-released for DXP Platform."; VariantName = "[No Variations]"
Add component (AddParameter): Name = "PackageDescription"; Value = "Axial Device, Thru-Hole; 2 Leads; 0.4 in Pin Spacing"; VariantName = "[No Variations]"
Add component (AddParameter): Name = "PackageReference"; Value = "AXIAL-0.4"; VariantName = "[No Variations]"
Add component (AddParameter): Name = "Published"; Value = "8-Jun-2000"; VariantName = "[No Variations]"
Add component (AddParameter): Name = "Publisher"; Value = "Altium Limited"; VariantName = "[No Variations]"
Add component (AddParameter): Name = "Value"; Value = "56K"; VariantName = "[No Variations]"
Added Component: Designator=U1(STM32_Dev)
Add component. Clean all parameters for all variants
Added Component: Designator=U2(HDR1X5)
Add component. Clean all parameters for all variants
Added Component: Designator=U3(BME680_Dev)
Add component. Clean all parameters for all variants
Added Component: Designator=U4(HDR1X5)
Add component. Clean all parameters for all variants
Added Component: Designator=U5(HDR1X5)
Add component. Clean all parameters for all variants
Added Component: Designator=U6(PMS5003)
Add component. Clean all parameters for all variants
Added Component: Designator=U7(ESP01)
Add component. Clean all parameters for all variants
Added Pin To Net: NetName=PA4 Pin=R1-1
Added Pin To Net: NetName=+5 Pin=R1-2
Added Pin To Net: NetName=PA5 Pin=R2-1
Added Pin To Net: NetName=+5 Pin=R2-2
Added Pin To Net: NetName=PA6 Pin=R3-1
Added Pin To Net: NetName=+5 Pin=R3-2
Added Pin To Net: NetName=PB11 Pin=U1-1
Added Pin To Net: NetName=PB10 Pin=U1-2
Added Pin To Net: NetName=PA6 Pin=U1-6
Added Pin To Net: NetName=PA5 Pin=U1-7
Added Pin To Net: NetName=PA4 Pin=U1-8
Added Pin To Net: NetName=PA3 Pin=U1-9
Added Pin To Net: NetName=PA2 Pin=U1-10
Added Pin To Net: NetName=GND Pin=U1-17
Added Pin To Net: NetName=+5 Pin=U1-18
Added Pin To Net: NetName=3.3V Pin=U1-19
Added Pin To Net: NetName=PB7 Pin=U1-20
Added Pin To Net: NetName=PB6 Pin=U1-21
Added Pin To Net: NetName=PA10 Pin=U1-28
Added Pin To Net: NetName=PA9 Pin=U1-29
Added Pin To Net: NetName=GND Pin=U2-5
Added Pin To Net: NetName=3.3V Pin=U3-1
Added Pin To Net: NetName=GND Pin=U3-2
Added Pin To Net: NetName=PB6 Pin=U3-3
Added Pin To Net: NetName=PB7 Pin=U3-4
Added Pin To Net: NetName=3.3V Pin=U3-5
Added Pin To Net: NetName=3.3V Pin=U3-6
Added Pin To Net: NetName=3.3V Pin=U4-1
Added Pin To Net: NetName=GND Pin=U4-2
Added Pin To Net: NetName=PA9 Pin=U4-3
Added Pin To Net: NetName=PA10 Pin=U4-4
Added Pin To Net: NetName=PA4 Pin=U5-1
Added Pin To Net: NetName=PA5 Pin=U5-2
Added Pin To Net: NetName=PA6 Pin=U5-3
Added Pin To Net: NetName=GND Pin=U5-4
Added Pin To Net: NetName=+5 Pin=U5-5
Added Pin To Net: NetName=+5 Pin=U6-1
Added Pin To Net: NetName=GND Pin=U6-2
Added Pin To Net: NetName=PA3 Pin=U6-4
Added Pin To Net: NetName=PA2 Pin=U6-5
Added Pin To Net: NetName=GND Pin=U7-1
Added Pin To Net: NetName=3.3V Pin=U7-2
Added Pin To Net: NetName=3.3V Pin=U7-3
Added Pin To Net: NetName=PB11 Pin=U7-4
Added Pin To Net: NetName=3.3V Pin=U7-5
Added Pin To Net: NetName=3.3V Pin=U7-7
Added Pin To Net: NetName=PB10 Pin=U7-8
Added Member To Class: ClassName=Schematics Member=Component R1 Res2
Added Member To Class: ClassName=Schematics Member=Component R2 Res2
Added Member To Class: ClassName=Schematics Member=Component R3 Res2
Added Member To Class: ClassName=Schematics Member=Component U1 STM32_Dev
Added Member To Class: ClassName=Schematics Member=Component U2 18650
Added Member To Class: ClassName=Schematics Member=Component U3 BME680_Dev
Added Member To Class: ClassName=Schematics Member=Component U4 ATGM336H_Dev
Added Member To Class: ClassName=Schematics Member=Component U5 MiCS-6814_Dev
Added Member To Class: ClassName=Schematics Member=Component U6 PMS5003
Added Member To Class: ClassName=Schematics Member=Component U7 esp01
Added Room: Name=Schematics
