Added Component: Designator=Q1(E3)
Add component. Clean all parameters for all variants
Add component (AddParameter): Name = "LatestRevisionDate"; Value = "17-Jul-2002"; VariantName = "[No Variations]"
Add component (AddParameter): Name = "LatestRevisionNote"; Value = "Re-released for DXP Platform."; VariantName = "[No Variations]"
Add component (AddParameter): Name = "PackageDescription"; Value = "TO, Flat Index; 3 In-Line, Axial Leads; Body Dia. 4.6mm; Lead Dia. 0.5 mm (max)"; VariantName = "[No Variations]"
Add component (AddParameter): Name = "PackageReference"; Value = "E3"; VariantName = "[No Variations]"
Add component (AddParameter): Name = "PackageVersion"; Value = "1995/1996"; VariantName = "[No Variations]"
Add component (AddParameter): Name = "Published"; Value = "8-Jun-2000"; VariantName = "[No Variations]"
Add component (AddParameter): Name = "Publisher"; Value = "Altium Limited"; VariantName = "[No Variations]"
Added Component: Designator=Q2(E3)
Add component. Clean all parameters for all variants
Add component (AddParameter): Name = "LatestRevisionDate"; Value = "17-Jul-2002"; VariantName = "[No Variations]"
Add component (AddParameter): Name = "LatestRevisionNote"; Value = "Re-released for DXP Platform."; VariantName = "[No Variations]"
Add component (AddParameter): Name = "PackageDescription"; Value = "TO, Flat Index; 3 In-Line, Axial Leads; Body Dia. 4.6mm; Lead Dia. 0.5 mm (max)"; VariantName = "[No Variations]"
Add component (AddParameter): Name = "PackageReference"; Value = "E3"; VariantName = "[No Variations]"
Add component (AddParameter): Name = "PackageVersion"; Value = "1995/1996"; VariantName = "[No Variations]"
Add component (AddParameter): Name = "Published"; Value = "8-Jun-2000"; VariantName = "[No Variations]"
Add component (AddParameter): Name = "Publisher"; Value = "Altium Limited"; VariantName = "[No Variations]"
Added Component: Designator=R1(AXIAL-0.3)
Add component. Clean all parameters for all variants
Add component (AddParameter): Name = "LatestRevisionDate"; Value = "17-Jul-2002"; VariantName = "[No Variations]"
Add component (AddParameter): Name = "LatestRevisionNote"; Value = "Re-released for DXP Platform."; VariantName = "[No Variations]"
Add component (AddParameter): Name = "PackageDescription"; Value = "Axial Device, Thru-Hole; 2 Leads; 0.3 in Pin Spacing"; VariantName = "[No Variations]"
Add component (AddParameter): Name = "PackageReference"; Value = "AXIAL-0.3"; VariantName = "[No Variations]"
Add component (AddParameter): Name = "Published"; Value = "8-Jun-2000"; VariantName = "[No Variations]"
Add component (AddParameter): Name = "Publisher"; Value = "Altium Limited"; VariantName = "[No Variations]"
Add component (AddParameter): Name = "Value"; Value = "1K"; VariantName = "[No Variations]"
Added Component: Designator=R2(AXIAL-0.3)
Add component. Clean all parameters for all variants
Add component (AddParameter): Name = "LatestRevisionDate"; Value = "17-Jul-2002"; VariantName = "[No Variations]"
Add component (AddParameter): Name = "LatestRevisionNote"; Value = "Re-released for DXP Platform."; VariantName = "[No Variations]"
Add component (AddParameter): Name = "PackageDescription"; Value = "Axial Device, Thru-Hole; 2 Leads; 0.3 in Pin Spacing"; VariantName = "[No Variations]"
Add component (AddParameter): Name = "PackageReference"; Value = "AXIAL-0.3"; VariantName = "[No Variations]"
Add component (AddParameter): Name = "Published"; Value = "8-Jun-2000"; VariantName = "[No Variations]"
Add component (AddParameter): Name = "Publisher"; Value = "Altium Limited"; VariantName = "[No Variations]"
Add component (AddParameter): Name = "Value"; Value = "1K"; VariantName = "[No Variations]"
Added Component: Designator=R3(potentiometer)
Add component. Clean all parameters for all variants
Added Component: Designator=R4(potentiometer)
Add component. Clean all parameters for all variants
Added Component: Designator=R5(potentiometer)
Add component. Clean all parameters for all variants
Added Component: Designator=U1(STM32_Dev)
Add component. Clean all parameters for all variants
Added Component: Designator=U2(18650_Manage)
Add component. Clean all parameters for all variants
Added Component: Designator=U3(BME680_Dev)
Add component. Clean all parameters for all variants
Added Component: Designator=U4(AGTM336H_Dev)
Add component. Clean all parameters for all variants
Added Component: Designator=U5(MiCS6814)
Add component. Clean all parameters for all variants
Added Component: Designator=U6(PMS5003)
Add component. Clean all parameters for all variants
Added Component: Designator=U7(ESP01)
Add component. Clean all parameters for all variants
Added Pin To Net: NetName=+5 Pin=U1-18
Added Pin To Net: NetName=+5 Pin=U2-6
Added Pin To Net: NetName=+5 Pin=U5-5
Added Pin To Net: NetName=+5 Pin=U6-1
Added Net: Name=+5
Added Pin To Net: NetName=3.3V Pin=R3-1
Added Pin To Net: NetName=3.3V Pin=R4-1
Added Pin To Net: NetName=3.3V Pin=R5-1
Added Pin To Net: NetName=3.3V Pin=U1-19
Added Pin To Net: NetName=3.3V Pin=U3-1
Added Pin To Net: NetName=3.3V Pin=U3-5
Added Pin To Net: NetName=3.3V Pin=U3-6
Added Pin To Net: NetName=3.3V Pin=U4-1
Added Pin To Net: NetName=3.3V Pin=U7-2
Added Pin To Net: NetName=3.3V Pin=U7-3
Added Pin To Net: NetName=3.3V Pin=U7-5
Added Net: Name=3.3V
Added Pin To Net: NetName=GND Pin=Q1-3
Added Pin To Net: NetName=GND Pin=Q2-3
Added Pin To Net: NetName=GND Pin=R2-1
Added Pin To Net: NetName=GND Pin=U1-17
Added Pin To Net: NetName=GND Pin=U2-5
Added Pin To Net: NetName=GND Pin=U3-2
Added Pin To Net: NetName=GND Pin=U6-2
Added Pin To Net: NetName=GND Pin=U7-1
Added Net: Name=GND
Added Pin To Net: NetName=NetQ1_1 Pin=Q1-1
Added Pin To Net: NetName=NetQ1_1 Pin=U4-2
Added Net: Name=NetQ1_1
Added Pin To Net: NetName=NetQ2_1 Pin=Q2-1
Added Pin To Net: NetName=NetQ2_1 Pin=U5-4
Added Net: Name=NetQ2_1
Added Pin To Net: NetName=NetR1_2 Pin=R1-2
Added Pin To Net: NetName=NetR1_2 Pin=U2-4
Added Net: Name=NetR1_2
Added Pin To Net: NetName=PA1 Pin=Q2-2
Added Pin To Net: NetName=PA1 Pin=U1-11
Added Net: Name=PA1
Added Pin To Net: NetName=PA2 Pin=U1-10
Added Pin To Net: NetName=PA2 Pin=U6-4
Added Net: Name=PA2
Added Pin To Net: NetName=PA3 Pin=U1-9
Added Pin To Net: NetName=PA3 Pin=U6-5
Added Net: Name=PA3
Added Pin To Net: NetName=PA4 Pin=R3-2
Added Pin To Net: NetName=PA4 Pin=U1-8
Added Pin To Net: NetName=PA4 Pin=U5-1
Added Net: Name=PA4
Added Pin To Net: NetName=PA5 Pin=R4-2
Added Pin To Net: NetName=PA5 Pin=U1-7
Added Pin To Net: NetName=PA5 Pin=U5-2
Added Net: Name=PA5
Added Pin To Net: NetName=PA6 Pin=R5-2
Added Pin To Net: NetName=PA6 Pin=U1-6
Added Pin To Net: NetName=PA6 Pin=U5-3
Added Net: Name=PA6
Added Pin To Net: NetName=PA7 Pin=R1-1
Added Pin To Net: NetName=PA7 Pin=R2-2
Added Pin To Net: NetName=PA7 Pin=U1-5
Added Net: Name=PA7
Added Pin To Net: NetName=PA8 Pin=U1-30
Added Pin To Net: NetName=PA8 Pin=U7-7
Added Net: Name=PA8
Added Pin To Net: NetName=PA9 Pin=U1-29
Added Pin To Net: NetName=PA9 Pin=U4-4
Added Net: Name=PA9
Added Pin To Net: NetName=PA10 Pin=U1-28
Added Pin To Net: NetName=PA10 Pin=U4-3
Added Net: Name=PA10
Added Pin To Net: NetName=PB6 Pin=U1-21
Added Pin To Net: NetName=PB6 Pin=U3-3
Added Net: Name=PB6
Added Pin To Net: NetName=PB7 Pin=U1-20
Added Pin To Net: NetName=PB7 Pin=U3-4
Added Net: Name=PB7
Added Pin To Net: NetName=PB10 Pin=U1-2
Added Pin To Net: NetName=PB10 Pin=U7-4
Added Net: Name=PB10
Added Pin To Net: NetName=PB11 Pin=U1-1
Added Pin To Net: NetName=PB11 Pin=U7-8
Added Net: Name=PB11
Added Pin To Net: NetName=PB14 Pin=Q1-2
Added Pin To Net: NetName=PB14 Pin=U1-32
Added Net: Name=PB14
Added Pin To Net: NetName=PB15 Pin=U1-31
Added Pin To Net: NetName=PB15 Pin=U6-3
Added Net: Name=PB15
Added Class: Name=Schematics
Added Room: Name=Schematics
